#
# There is insufficient memory for the Java Runtime Environment to continue.
# Native memory allocation (malloc) failed to allocate 32744 bytes for ChunkPool::allocate
# Possible reasons:
#   The system is out of physical RAM or swap space
#   In 32 bit mode, the process size limit was hit
# Possible solutions:
#   Reduce memory load on the system
#   Increase physical memory or swap space
#   Check if swap backing store is full
#   Use 64 bit Java on a 64 bit OS
#   Decrease Java heap size (-Xmx/-Xms)
#   Decrease number of Java threads
#   Decrease Java thread stack sizes (-Xss)
#   Set larger code cache with -XX:ReservedCodeCacheSize=
# This output file may be truncated or incomplete.
#
#  Out of Memory Error (allocation.cpp:273), pid=8944, tid=0x00000000000036bc
#
# JRE version: OpenJDK Runtime Environment (8.0_112-b06) (build 1.8.0_112-release-b06)
# Java VM: OpenJDK 64-Bit Server VM (25.112-b06 mixed mode windows-amd64 compressed oops)
# Failed to write core dump. Minidumps are not enabled by default on client versions of Windows
#

---------------  T H R E A D  ---------------

Current thread (0x00000000186db000):  JavaThread "C2 CompilerThread1" daemon [_thread_in_native, id=14012, stack(0x00000000190a0000,0x00000000191a0000)]

Stack: [0x00000000190a0000,0x00000000191a0000]
[error occurred during error reporting (printing stack bounds), id 0xc0000005]

Native frames: (J=compiled Java code, j=interpreted, Vv=VM code, C=native code)


Current CompileTask:
C2: 609770 7041  s    4       java.util.Hashtable::put (104 bytes)


---------------  P R O C E S S  ---------------

Java Threads: ( => current thread )
  0x000000001edf2800 JavaThread "Stdin handler" [_thread_blocked, id=18952, stack(0x0000000024bf0000,0x0000000024cf0000)]
  0x000000001edee000 JavaThread "Asynchronous log dispatcher for DefaultDaemonConnection: socket connection from /127.0.0.1:57790 to /127.0.0.1:58108" [_thread_blocked, id=8520, stack(0x0000000024af0000,0x0000000024bf0000)]
  0x000000001eded800 JavaThread "Daemon worker Thread 2" [_thread_in_Java, id=4568, stack(0x00000000249f0000,0x0000000024af0000)]
  0x000000001edef800 JavaThread "Cancel handler" [_thread_blocked, id=13448, stack(0x00000000246a0000,0x00000000247a0000)]
  0x000000001edf1000 JavaThread "Handler for socket connection from /127.0.0.1:57790 to /127.0.0.1:58108" [_thread_in_native, id=17432, stack(0x00000000245a0000,0x00000000246a0000)]
  0x000000001edef000 JavaThread "Daemon Thread 2" [_thread_blocked, id=14296, stack(0x00000000244a0000,0x00000000245a0000)]
  0x000000001edf2000 JavaThread "File lock request listener" [_thread_in_native, id=16424, stack(0x000000001e280000,0x000000001e380000)]
  0x000000001a4ca000 JavaThread "pool-1-thread-1" [_thread_blocked, id=8224, stack(0x000000001b9e0000,0x000000001bae0000)]
  0x00000000197f4000 JavaThread "Incoming local TCP Connector on port 57790" [_thread_in_native, id=19216, stack(0x000000001b2b0000,0x000000001b3b0000)]
  0x000000001876d000 JavaThread "Service Thread" daemon [_thread_blocked, id=10916, stack(0x00000000193a0000,0x00000000194a0000)]
  0x00000000186e2800 JavaThread "C1 CompilerThread3" daemon [_thread_in_native, id=9500, stack(0x00000000192a0000,0x00000000193a0000)]
  0x00000000186dd000 JavaThread "C2 CompilerThread2" daemon [_thread_in_native, id=13960, stack(0x00000000191a0000,0x00000000192a0000)]
=>0x00000000186db000 JavaThread "C2 CompilerThread1" daemon [_thread_in_native, id=14012, stack(0x00000000190a0000,0x00000000191a0000)]
  0x00000000186d7000 JavaThread "C2 CompilerThread0" daemon [_thread_in_native, id=17996, stack(0x0000000018fa0000,0x00000000190a0000)]
  0x00000000186d5800 JavaThread "Attach Listener" daemon [_thread_blocked, id=9308, stack(0x0000000018ea0000,0x0000000018fa0000)]
  0x00000000186d4000 JavaThread "Signal Dispatcher" daemon [_thread_blocked, id=10752, stack(0x0000000018da0000,0x0000000018ea0000)]
  0x00000000186d0800 JavaThread "Finalizer" daemon [_thread_blocked, id=10008, stack(0x0000000018ab0000,0x0000000018bb0000)]
  0x0000000002a27000 JavaThread "Reference Handler" daemon [_thread_blocked, id=15600, stack(0x00000000185b0000,0x00000000186b0000)]
  0x0000000002930800 JavaThread "main" [_thread_blocked, id=20060, stack(0x0000000002730000,0x0000000002830000)]

Other Threads:
  0x00000000167e7000 VMThread [stack: 0x00000000184b0000,0x00000000185b0000] [id=16012]
  0x000000001876d800 WatcherThread [stack: 0x00000000194a0000,0x00000000195a0000] [id=7336]

VM state:not at safepoint (normal execution)

VM Mutex/Monitor currently owned by a thread: None

Heap:
 PSYoungGen      total 123904K, used 88795K [0x00000000e0000000, 0x00000000eb980000, 0x0000000100000000)
  eden space 110592K, 68% used [0x00000000e0000000,0x00000000e49be128,0x00000000e6c00000)
  from space 13312K, 99% used [0x00000000e6c00000,0x00000000e78f8c98,0x00000000e7900000)
  to   space 16896K, 0% used [0x00000000ea900000,0x00000000ea900000,0x00000000eb980000)
 ParOldGen       total 97792K, used 20418K [0x00000000a0000000, 0x00000000a5f80000, 0x00000000e0000000)
  object space 97792K, 20% used [0x00000000a0000000,0x00000000a13f0ad0,0x00000000a5f80000)
 Metaspace       used 52705K, capacity 54438K, committed 54528K, reserved 1095680K
  class space    used 7024K, capacity 7366K, committed 7424K, reserved 1048576K

Card table byte_map: [0x0000000011df0000,0x0000000012100000] byte_map_base: 0x00000000118f0000

Marking Bits: (ParMarkBitMap*) 0x000000006beb18f0
 Begin Bits: [0x0000000012b00000, 0x0000000014300000)
 End Bits:   [0x0000000014300000, 0x0000000015b00000)

Polling page: 0x0000000000ed0000

CodeCache: size=245760Kb used=20414Kb max_used=21143Kb free=225345Kb
 bounds [0x0000000002a30000, 0x0000000003f00000, 0x0000000011a30000]
 total_blobs=6775 nmethods=6025 adapters=662
 compilation: enabled

Compilation events (10 events):
Event: 609.721 Thread 0x00000000186db000 7039       4       java.util.AbstractSequentialList::iterator (5 bytes)
Event: 609.722 Thread 0x00000000186db000 nmethod 7039 0x0000000002f22090 code [0x0000000002f221c0, 0x0000000002f22238]
Event: 609.722 Thread 0x00000000186dd000 7040       4       org.gradle.internal.service.DefaultServiceRegistry$OwnServices::getService (274 bytes)
Event: 609.723 Thread 0x00000000186db000 7041  s    4       java.util.Hashtable::put (104 bytes)
Event: 609.723 Thread 0x00000000186e2800 7042       3       org.codehaus.plexus.util.xml.pull.MXParser::newString (11 bytes)
Event: 609.723 Thread 0x00000000186e2800 nmethod 7042 0x0000000002bde9d0 code [0x0000000002bdeb40, 0x0000000002bded28]
Event: 609.724 Thread 0x00000000186e2800 7044       3       org.codehaus.plexus.util.xml.pull.MXParser::ensureEntityCapacity (199 bytes)
Event: 609.724 Thread 0x00000000186e2800 nmethod 7044 0x0000000003518090 code [0x0000000003518260, 0x0000000003518ca8]
Event: 609.724 Thread 0x00000000186e2800 7043       3       org.codehaus.plexus.util.xml.pull.MXParser::defineEntityReplacementText (199 bytes)
Event: 609.726 Thread 0x00000000186e2800 nmethod 7043 0x0000000002c8e090 code [0x0000000002c8e360, 0x0000000002c8fbc8]

GC Heap History (10 events):
Event: 13.820 GC heap before
{Heap before GC invocations=7 (full 1):
 PSYoungGen      total 74752K, used 20147K [0x00000000e0000000, 0x00000000e5b80000, 0x0000000100000000)
  eden space 64000K, 14% used [0x00000000e0000000,0x00000000e092d7e8,0x00000000e3e80000)
  from space 10752K, 99% used [0x00000000e4000000,0x00000000e4a7f438,0x00000000e4a80000)
  to   space 14848K, 0% used [0x00000000e4d00000,0x00000000e4d00000,0x00000000e5b80000)
 ParOldGen       total 80896K, used 13003K [0x00000000a0000000, 0x00000000a4f00000, 0x00000000e0000000)
  object space 80896K, 16% used [0x00000000a0000000,0x00000000a0cb2ed8,0x00000000a4f00000)
 Metaspace       used 34886K, capacity 35394K, committed 35496K, reserved 1079296K
  class space    used 4672K, capacity 4849K, committed 4864K, reserved 1048576K
Event: 13.826 GC heap after
Heap after GC invocations=7 (full 1):
 PSYoungGen      total 79360K, used 8262K [0x00000000e0000000, 0x00000000e9280000, 0x0000000100000000)
  eden space 64512K, 0% used [0x00000000e0000000,0x00000000e0000000,0x00000000e3f00000)
  from space 14848K, 55% used [0x00000000e4d00000,0x00000000e5511b00,0x00000000e5b80000)
  to   space 14336K, 0% used [0x00000000e3f00000,0x00000000e3f00000,0x00000000e4d00000)
 ParOldGen       total 80896K, used 13011K [0x00000000a0000000, 0x00000000a4f00000, 0x00000000e0000000)
  object space 80896K, 16% used [0x00000000a0000000,0x00000000a0cb4ed8,0x00000000a4f00000)
 Metaspace       used 34886K, capacity 35394K, committed 35496K, reserved 1079296K
  class space    used 4672K, capacity 4849K, committed 4864K, reserved 1048576K
}
Event: 13.826 GC heap before
{Heap before GC invocations=8 (full 2):
 PSYoungGen      total 79360K, used 8262K [0x00000000e0000000, 0x00000000e9280000, 0x0000000100000000)
  eden space 64512K, 0% used [0x00000000e0000000,0x00000000e0000000,0x00000000e3f00000)
  from space 14848K, 55% used [0x00000000e4d00000,0x00000000e5511b00,0x00000000e5b80000)
  to   space 14336K, 0% used [0x00000000e3f00000,0x00000000e3f00000,0x00000000e4d00000)
 ParOldGen       total 80896K, used 13011K [0x00000000a0000000, 0x00000000a4f00000, 0x00000000e0000000)
  object space 80896K, 16% used [0x00000000a0000000,0x00000000a0cb4ed8,0x00000000a4f00000)
 Metaspace       used 34886K, capacity 35394K, committed 35496K, reserved 1079296K
  class space    used 4672K, capacity 4849K, committed 4864K, reserved 1048576K
Event: 13.887 GC heap after
Heap after GC invocations=8 (full 2):
 PSYoungGen      total 79360K, used 0K [0x00000000e0000000, 0x00000000e9280000, 0x0000000100000000)
  eden space 64512K, 0% used [0x00000000e0000000,0x00000000e0000000,0x00000000e3f00000)
  from space 14848K, 0% used [0x00000000e4d00000,0x00000000e4d00000,0x00000000e5b80000)
  to   space 14336K, 0% used [0x00000000e3f00000,0x00000000e3f00000,0x00000000e4d00000)
 ParOldGen       total 97792K, used 14571K [0x00000000a0000000, 0x00000000a5f80000, 0x00000000e0000000)
  object space 97792K, 14% used [0x00000000a0000000,0x00000000a0e3ac18,0x00000000a5f80000)
 Metaspace       used 34886K, capacity 35394K, committed 35496K, reserved 1079296K
  class space    used 4672K, capacity 4849K, committed 4864K, reserved 1048576K
}
Event: 14.671 GC heap before
{Heap before GC invocations=9 (full 2):
 PSYoungGen      total 79360K, used 64512K [0x00000000e0000000, 0x00000000e9280000, 0x0000000100000000)
  eden space 64512K, 100% used [0x00000000e0000000,0x00000000e3f00000,0x00000000e3f00000)
  from space 14848K, 0% used [0x00000000e4d00000,0x00000000e4d00000,0x00000000e5b80000)
  to   space 14336K, 0% used [0x00000000e3f00000,0x00000000e3f00000,0x00000000e4d00000)
 ParOldGen       total 97792K, used 14571K [0x00000000a0000000, 0x00000000a5f80000, 0x00000000e0000000)
  object space 97792K, 14% used [0x00000000a0000000,0x00000000a0e3ac18,0x00000000a5f80000)
 Metaspace       used 41723K, capacity 42476K, committed 42752K, reserved 1085440K
  class space    used 5617K, capacity 5835K, committed 5888K, reserved 1048576K
Event: 14.674 GC heap after
Heap after GC invocations=9 (full 2):
 PSYoungGen      total 78848K, used 8396K [0x00000000e0000000, 0x00000000e8800000, 0x0000000100000000)
  eden space 64512K, 0% used [0x00000000e0000000,0x00000000e0000000,0x00000000e3f00000)
  from space 14336K, 58% used [0x00000000e3f00000,0x00000000e4733370,0x00000000e4d00000)
  to   space 13824K, 0% used [0x00000000e7a80000,0x00000000e7a80000,0x00000000e8800000)
 ParOldGen       total 97792K, used 14579K [0x00000000a0000000, 0x00000000a5f80000, 0x00000000e0000000)
  object space 97792K, 14% used [0x00000000a0000000,0x00000000a0e3cc18,0x00000000a5f80000)
 Metaspace       used 41723K, capacity 42476K, committed 42752K, reserved 1085440K
  class space    used 5617K, capacity 5835K, committed 5888K, reserved 1048576K
}
Event: 15.058 GC heap before
{Heap before GC invocations=10 (full 2):
 PSYoungGen      total 78848K, used 72908K [0x00000000e0000000, 0x00000000e8800000, 0x0000000100000000)
  eden space 64512K, 100% used [0x00000000e0000000,0x00000000e3f00000,0x00000000e3f00000)
  from space 14336K, 58% used [0x00000000e3f00000,0x00000000e4733370,0x00000000e4d00000)
  to   space 13824K, 0% used [0x00000000e7a80000,0x00000000e7a80000,0x00000000e8800000)
 ParOldGen       total 97792K, used 14579K [0x00000000a0000000, 0x00000000a5f80000, 0x00000000e0000000)
  object space 97792K, 14% used [0x00000000a0000000,0x00000000a0e3cc18,0x00000000a5f80000)
 Metaspace       used 43554K, capacity 44474K, committed 44800K, reserved 1087488K
  class space    used 5815K, capacity 6032K, committed 6144K, reserved 1048576K
Event: 15.064 GC heap after
Heap after GC invocations=10 (full 2):
 PSYoungGen      total 122368K, used 10045K [0x00000000e0000000, 0x00000000e8600000, 0x0000000100000000)
  eden space 110592K, 0% used [0x00000000e0000000,0x00000000e0000000,0x00000000e6c00000)
  from space 11776K, 85% used [0x00000000e7a80000,0x00000000e844f4d0,0x00000000e8600000)
  to   space 13312K, 0% used [0x00000000e6c00000,0x00000000e6c00000,0x00000000e7900000)
 ParOldGen       total 97792K, used 14587K [0x00000000a0000000, 0x00000000a5f80000, 0x00000000e0000000)
  object space 97792K, 14% used [0x00000000a0000000,0x00000000a0e3ec18,0x00000000a5f80000)
 Metaspace       used 43554K, capacity 44474K, committed 44800K, reserved 1087488K
  class space    used 5815K, capacity 6032K, committed 6144K, reserved 1048576K
}
Event: 16.466 GC heap before
{Heap before GC invocations=11 (full 2):
 PSYoungGen      total 122368K, used 120637K [0x00000000e0000000, 0x00000000e8600000, 0x0000000100000000)
  eden space 110592K, 100% used [0x00000000e0000000,0x00000000e6c00000,0x00000000e6c00000)
  from space 11776K, 85% used [0x00000000e7a80000,0x00000000e844f4d0,0x00000000e8600000)
  to   space 13312K, 0% used [0x00000000e6c00000,0x00000000e6c00000,0x00000000e7900000)
 ParOldGen       total 97792K, used 14587K [0x00000000a0000000, 0x00000000a5f80000, 0x00000000e0000000)
  object space 97792K, 14% used [0x00000000a0000000,0x00000000a0e3ec18,0x00000000a5f80000)
 Metaspace       used 50130K, capacity 51668K, committed 51712K, reserved 1093632K
  class space    used 6798K, capacity 7133K, committed 7168K, reserved 1048576K
Event: 16.476 GC heap after
Heap after GC invocations=11 (full 2):
 PSYoungGen      total 123904K, used 13283K [0x00000000e0000000, 0x00000000eb980000, 0x0000000100000000)
  eden space 110592K, 0% used [0x00000000e0000000,0x00000000e0000000,0x00000000e6c00000)
  from space 13312K, 99% used [0x00000000e6c00000,0x00000000e78f8c98,0x00000000e7900000)
  to   space 16896K, 0% used [0x00000000ea900000,0x00000000ea900000,0x00000000eb980000)
 ParOldGen       total 97792K, used 20418K [0x00000000a0000000, 0x00000000a5f80000, 0x00000000e0000000)
  object space 97792K, 20% used [0x00000000a0000000,0x00000000a13f0ad0,0x00000000a5f80000)
 Metaspace       used 50130K, capacity 51668K, committed 51712K, reserved 1093632K
  class space    used 6798K, capacity 7133K, committed 7168K, reserved 1048576K
}

Deoptimization events (10 events):
Event: 16.631 Thread 0x000000001a4ce800 Uncommon trap: reason=bimorphic action=maybe_recompile pc=0x0000000003e94f14 method=java.util.HashMap.removeNode(ILjava/lang/Object;Ljava/lang/Object;ZZ)Ljava/util/HashMap$Node; @ 68
Event: 16.631 Thread 0x000000001a4ce800 Uncommon trap: reason=bimorphic action=maybe_recompile pc=0x0000000003e8b61c method=java.util.HashMap.removeNode(ILjava/lang/Object;Ljava/lang/Object;ZZ)Ljava/util/HashMap$Node; @ 68
Event: 16.837 Thread 0x000000001a4ce800 Uncommon trap: reason=unstable_if action=reinterpret pc=0x000000000318b69c method=java.util.concurrent.locks.AbstractQueuedSynchronizer.hasQueuedPredecessors()Z @ 31
Event: 16.837 Thread 0x000000001edf2800 Uncommon trap: reason=predicate action=maybe_recompile pc=0x0000000002ed8788 method=java.util.Collections.indexedBinarySearch(Ljava/util/List;Ljava/lang/Object;)I @ 16
Event: 16.838 Thread 0x000000001a4ce800 Uncommon trap: reason=null_assert action=make_not_entrant pc=0x0000000003ec4a44 method=com.google.common.cache.LocalCache.processPendingNotifications()V @ 9
Event: 17.023 Thread 0x000000001a4ce800 Uncommon trap: reason=predicate action=maybe_recompile pc=0x0000000002da2458 method=org.gradle.internal.logging.text.AbstractLineChoppingStyledTextOutput.doAppend(Ljava/lang/String;)V @ 10
Event: 17.042 Thread 0x000000001edf2800 Uncommon trap: reason=class_check action=maybe_recompile pc=0x0000000003d8fcbc method=java.util.concurrent.locks.ReentrantLock.lock()V @ 4
Event: 17.143 Thread 0x0000000018965800 Uncommon trap: reason=unstable_if action=reinterpret pc=0x0000000003e4badc method=com.esotericsoftware.kryo.io.Input.require(I)I @ 117
Event: 609.610 Thread 0x000000001edf1000 Uncommon trap: reason=class_check action=maybe_recompile pc=0x000000000396e0a0 method=java.lang.reflect.Array.newInstance(Ljava/lang/Class;I)Ljava/lang/Object; @ 2
Event: 609.626 Thread 0x000000001eded800 Uncommon trap: reason=unstable_if action=reinterpret pc=0x000000000313127c method=java.lang.Integer.getChars(II[C)V @ 20

Internal exceptions (10 events):
Event: 16.847 Thread 0x000000001edf2800 Exception <a 'java/lang/NoSuchMethodError': <clinit>> (0x00000000e1ff4538) thrown at [C:\src\android\AOSP-openjdk\external\jetbrains\jdk\hotspot\src\share\vm\prims\jni.cpp, line 1613]
Event: 17.061 Thread 0x000000001a4ce800 Exception <a 'sun/nio/fs/WindowsException'> (0x00000000e30c09c0) thrown at [C:\src\android\AOSP-openjdk\external\jetbrains\jdk\hotspot\src\share\vm\prims\jni.cpp, line 709]
Event: 17.139 Thread 0x0000000018963000 Exception <a 'java/lang/NoSuchMethodError': <clinit>> (0x00000000e3a28a18) thrown at [C:\src\android\AOSP-openjdk\external\jetbrains\jdk\hotspot\src\share\vm\prims\jni.cpp, line 1613]
Event: 17.139 Thread 0x0000000018963000 Exception <a 'java/lang/NoSuchMethodError': <clinit>> (0x00000000e3a29d30) thrown at [C:\src\android\AOSP-openjdk\external\jetbrains\jdk\hotspot\src\share\vm\prims\jni.cpp, line 1613]
Event: 17.139 Thread 0x0000000018963000 Exception <a 'java/lang/NoSuchMethodError': <clinit>> (0x00000000e3a33f00) thrown at [C:\src\android\AOSP-openjdk\external\jetbrains\jdk\hotspot\src\share\vm\prims\jni.cpp, line 1613]
Event: 17.140 Thread 0x0000000018963000 Exception <a 'java/lang/NoSuchMethodError': <clinit>> (0x00000000e3a3d630) thrown at [C:\src\android\AOSP-openjdk\external\jetbrains\jdk\hotspot\src\share\vm\prims\jni.cpp, line 1613]
Event: 17.140 Thread 0x0000000018963000 Exception <a 'java/lang/NoSuchMethodError': <clinit>> (0x00000000e3a3f5a0) thrown at [C:\src\android\AOSP-openjdk\external\jetbrains\jdk\hotspot\src\share\vm\prims\jni.cpp, line 1613]
Event: 17.142 Thread 0x0000000018965800 Exception <a 'java/lang/NoSuchMethodError': <clinit>> (0x00000000e3c378b0) thrown at [C:\src\android\AOSP-openjdk\external\jetbrains\jdk\hotspot\src\share\vm\prims\jni.cpp, line 1613]
Event: 609.708 Thread 0x000000001eded800 Exception <a 'java/lang/ClassNotFoundException': asLocalRepo1_5kzok3f4jahdee6y6ksub4ugoBeanInfo> (0x00000000e48629a8) thrown at [C:\src\android\AOSP-openjdk\external\jetbrains\jdk\hotspot\src\share\vm\classfile\systemDictionary.cpp, line 210]
Event: 609.708 Thread 0x000000001eded800 Exception <a 'java/lang/ClassNotFoundException': asLocalRepo1_5kzok3f4jahdee6y6ksub4ugoCustomizer> (0x00000000e486d8e8) thrown at [C:\src\android\AOSP-openjdk\external\jetbrains\jdk\hotspot\src\share\vm\classfile\systemDictionary.cpp, line 210]

Events (10 events):
Event: 609.724 loading class groovy/runtime/metaclass/asLocalRepo1_5kzok3f4jahdee6y6ksub4ugo$_run_closure1$_closure2$_closure4$_closure5MetaClass done
Event: 609.724 Thread 0x00000000186e2800 flushing nmethod 0x00000000038d69d0
Event: 609.724 Thread 0x00000000186e2800 flushing nmethod 0x000000000396da90
Event: 609.725 loading class asLocalRepo1_5kzok3f4jahdee6y6ksub4ugo$_run_closure1$_closure3
Event: 609.725 loading class asLocalRepo1_5kzok3f4jahdee6y6ksub4ugo$_run_closure1$_closure3 done
Event: 609.725 loading class groovy/runtime/metaclass/asLocalRepo1_5kzok3f4jahdee6y6ksub4ugo$_run_closure1$_closure3MetaClass
Event: 609.725 loading class groovy/runtime/metaclass/asLocalRepo1_5kzok3f4jahdee6y6ksub4ugo$_run_closure1$_closure3MetaClass done
Event: 609.726 loading class asLocalRepo1_5kzok3f4jahdee6y6ksub4ugo$_run_closure1$_closure3$_closure6
Event: 609.726 loading class asLocalRepo1_5kzok3f4jahdee6y6ksub4ugo$_run_closure1$_closure3$_closure6 done
Event: 609.726 Thread 0x00000000186e2800 flushing nmethod 0x00000000039bbc50


Dynamic libraries:
0x00007ff64a8f0000 - 0x00007ff64a921000 	C:\Program Files\Android\Android Studio\jre\bin\java.exe
0x00007fff005e0000 - 0x00007fff007bb000 	C:\WINDOWS\SYSTEM32\ntdll.dll
0x00007ffefff80000 - 0x00007fff0002e000 	C:\WINDOWS\System32\KERNEL32.DLL
0x00007ffefcb00000 - 0x00007ffefcd49000 	C:\WINDOWS\System32\KERNELBASE.dll
0x00007ffeff610000 - 0x00007ffeff6b1000 	C:\WINDOWS\System32\ADVAPI32.dll
0x00007ffeff720000 - 0x00007ffeff7bd000 	C:\WINDOWS\System32\msvcrt.dll
0x00007ffeff280000 - 0x00007ffeff2d9000 	C:\WINDOWS\System32\sechost.dll
0x00007ffeff7c0000 - 0x00007ffeff8e5000 	C:\WINDOWS\System32\RPCRT4.dll
0x00007ffeffd20000 - 0x00007ffeffe6a000 	C:\WINDOWS\System32\USER32.dll
0x00007ffefd1a0000 - 0x00007ffefd1be000 	C:\WINDOWS\System32\win32u.dll
0x00007ffeff930000 - 0x00007ffeff957000 	C:\WINDOWS\System32\GDI32.dll
0x00007ffefcd50000 - 0x00007ffefced7000 	C:\WINDOWS\System32\gdi32full.dll
0x00007ffefcee0000 - 0x00007ffefcf7a000 	C:\WINDOWS\System32\msvcp_win.dll
0x00007ffefd970000 - 0x00007ffefda66000 	C:\WINDOWS\System32\ucrtbase.dll
0x00007ffeee350000 - 0x00007ffeee5b7000 	C:\WINDOWS\WinSxS\amd64_microsoft.windows.common-controls_6595b64144ccf1df_6.0.15063.483_none_26002d27e7c744a2\COMCTL32.dll
0x00007ffefef80000 - 0x00007ffeff279000 	C:\WINDOWS\System32\combase.dll
0x00007ffefdad0000 - 0x00007ffefdb3a000 	C:\WINDOWS\System32\bcryptPrimitives.dll
0x00007ffeff8f0000 - 0x00007ffeff91d000 	C:\WINDOWS\System32\IMM32.DLL
0x000000006b530000 - 0x000000006b602000 	C:\Program Files\Android\Android Studio\jre\jre\bin\msvcr100.dll
0x000000006b6f0000 - 0x000000006bf2c000 	C:\Program Files\Android\Android Studio\jre\jre\bin\server\jvm.dll
0x00007fff00510000 - 0x00007fff00518000 	C:\WINDOWS\System32\PSAPI.DLL
0x00007ffef39c0000 - 0x00007ffef39e3000 	C:\WINDOWS\SYSTEM32\WINMM.dll
0x00007ffef7c50000 - 0x00007ffef7c5a000 	C:\WINDOWS\SYSTEM32\VERSION.dll
0x00007ffef0740000 - 0x00007ffef0749000 	C:\WINDOWS\SYSTEM32\WSOCK32.dll
0x00007fff00030000 - 0x00007fff0009c000 	C:\WINDOWS\System32\WS2_32.dll
0x00007ffef3950000 - 0x00007ffef397b000 	C:\WINDOWS\SYSTEM32\WINMMBASE.dll
0x00007ffefcf80000 - 0x00007ffefcfc9000 	C:\WINDOWS\System32\cfgmgr32.dll
0x00007ffef69e0000 - 0x00007ffef69ef000 	C:\Program Files\Android\Android Studio\jre\jre\bin\verify.dll
0x00007ffeeb2e0000 - 0x00007ffeeb309000 	C:\Program Files\Android\Android Studio\jre\jre\bin\java.dll
0x00007ffef69c0000 - 0x00007ffef69d6000 	C:\Program Files\Android\Android Studio\jre\jre\bin\zip.dll
0x00007ffefdb40000 - 0x00007ffefef76000 	C:\WINDOWS\System32\SHELL32.dll
0x00007ffeff560000 - 0x00007ffeff60a000 	C:\WINDOWS\System32\shcore.dll
0x00007ffefd1c0000 - 0x00007ffefd8b1000 	C:\WINDOWS\System32\windows.storage.dll
0x00007ffeff500000 - 0x00007ffeff551000 	C:\WINDOWS\System32\shlwapi.dll
0x00007ffefcae0000 - 0x00007ffefcaf1000 	C:\WINDOWS\System32\kernel.appcore.dll
0x00007ffefca90000 - 0x00007ffefcadc000 	C:\WINDOWS\System32\powrprof.dll
0x00007ffefca50000 - 0x00007ffefca65000 	C:\WINDOWS\System32\profapi.dll
0x00007ffef37d0000 - 0x00007ffef37ea000 	C:\Program Files\Android\Android Studio\jre\jre\bin\net.dll
0x00007ffefc360000 - 0x00007ffefc3bc000 	C:\WINDOWS\system32\mswsock.dll
0x00007ffeec9a0000 - 0x00007ffeec9b1000 	C:\Program Files\Android\Android Studio\jre\jre\bin\nio.dll
0x00007ffee4790000 - 0x00007ffee47ae000 	C:\Users\gilli\.gradle\native\23\windows-amd64\native-platform.dll
0x00007ffefc510000 - 0x00007ffefc527000 	C:\WINDOWS\SYSTEM32\CRYPTSP.dll
0x00007ffefbf80000 - 0x00007ffefbfb4000 	C:\WINDOWS\system32\rsaenh.dll
0x00007ffefc610000 - 0x00007ffefc635000 	C:\WINDOWS\SYSTEM32\bcrypt.dll
0x00007ffefc950000 - 0x00007ffefc979000 	C:\WINDOWS\SYSTEM32\USERENV.dll
0x00007ffefc500000 - 0x00007ffefc50b000 	C:\WINDOWS\SYSTEM32\CRYPTBASE.dll
0x00007ffefc100000 - 0x00007ffefc137000 	C:\WINDOWS\SYSTEM32\IPHLPAPI.DLL
0x00007fff000a0000 - 0x00007fff000a8000 	C:\WINDOWS\System32\NSI.dll
0x00007ffef7d10000 - 0x00007ffef7d26000 	C:\WINDOWS\SYSTEM32\dhcpcsvc6.DLL
0x00007ffef82f0000 - 0x00007ffef830a000 	C:\WINDOWS\SYSTEM32\dhcpcsvc.DLL
0x00007ffef3930000 - 0x00007ffef393d000 	C:\Program Files\Android\Android Studio\jre\jre\bin\management.dll

VM Arguments:
jvm_args: -Xmx1536m -Dfile.encoding=windows-1252 -Duser.country=US -Duser.language=en -Duser.variant 
java_command: org.gradle.launcher.daemon.bootstrap.GradleDaemon 3.3
java_class_path (initial): C:\Users\gilli\.gradle\wrapper\dists\gradle-3.3-all\55gk2rcmfc6p2dg9u9ohc3hw9\gradle-3.3\lib\gradle-launcher-3.3.jar
Launcher Type: SUN_STANDARD

Environment Variables:
PATH=C:\ProgramData\Oracle\Java\javapath;C:\Program Files (x86)\Intel\iCLS Client\;C:\Program Files\Intel\iCLS Client\;C:\Windows\system32;C:\Windows;C:\Windows\System32\Wbem;C:\Windows\System32\WindowsPowerShell\v1.0\;C:\Program Files (x86)\NVIDIA Corporation\PhysX\Common;C:\Program Files (x86)\Intel\Intel(R) Management Engine Components\DAL;C:\Program Files\Intel\Intel(R) Management Engine Components\DAL;C:\Program Files (x86)\Intel\Intel(R) Management Engine Components\IPT;C:\Program Files\Intel\Intel(R) Management Engine Components\IPT;C:\Program Files\Intel\WiFi\bin\;C:\Program Files\Common Files\Intel\WirelessCommon\;C:\Program Files\Git\cmd;C:\WINDOWS\system32;C:\WINDOWS;C:\WINDOWS\System32\Wbem;C:\WINDOWS\System32\WindowsPowerShell\v1.0\;C:\Users\gilli\AppData\Local\Programs\Python\Python36-32\Scripts\;C:\Users\gilli\AppData\Local\Programs\Python\Python36-32\;C:\Users\gilli\AppData\Local\Microsoft\WindowsApps;C:\Users\gilli\AppData\Local\atom\bin;%USERPROFILE%\AppData\Local\Microsoft\WindowsApps;
USERNAME=gilli
OS=Windows_NT
PROCESSOR_IDENTIFIER=Intel64 Family 6 Model 158 Stepping 9, GenuineIntel



---------------  S Y S T E M  ---------------

OS: Windows 10.0 , 64 bit Build 15063 (10.0.15063.296)

CPU:total 8 (4 cores per cpu, 2 threads per core) family 6 model 158 stepping 9, cmov, cx8, fxsr, mmx, sse, sse2, sse3, ssse3, sse4.1, sse4.2, popcnt, avx, avx2, aes, clmul, erms, 3dnowpref, lzcnt, ht, tsc, tscinvbit, bmi1, bmi2, adx

Memory: 4k page, physical 16659276k(3205956k free), swap 20166680k(3480k free)

vm_info: OpenJDK 64-Bit Server VM (25.112-b06) for windows-amd64 JRE (1.8.0_112-release-b06), built on Dec  8 2016 00:54:26 by "builder" with MS VC++ 10.0 (VS2010)

time: Mon Nov 13 19:02:55 2017
elapsed time: 609 seconds (0d 0h 10m 9s)

